
> hctc-player@2.0.0 build
> tsc -b && vite build

[36mvite v6.4.1 [32mbuilding for production...[36m[39m
transforming...
[32m✓[39m 130 modules transformed.
rendering chunks...
computing gzip size...
[2mdist/[22m[32mindex.html                                         [39m[1m[2m  0.82 kB[22m[1m[22m[2m │ gzip:   0.53 kB[22m
[2mdist/[22m[35massets/PhoneInput-WPYZUbBt.css                     [39m[1m[2m  0.08 kB[22m[1m[22m[2m │ gzip:   0.09 kB[22m
[2mdist/[22m[35massets/HomePage-BewETKpU.css                       [39m[1m[2m  1.33 kB[22m[1m[22m[2m │ gzip:   0.55 kB[22m
[2mdist/[22m[35massets/DashboardPage-BKG_TEjU.css                  [39m[1m[2m  1.34 kB[22m[1m[22m[2m │ gzip:   0.49 kB[22m
[2mdist/[22m[35massets/AppHeader-UnXgklEF.css                      [39m[1m[2m  1.48 kB[22m[1m[22m[2m │ gzip:   0.61 kB[22m
[2mdist/[22m[35massets/TournamentStatusCard-DZI6kZCg.css           [39m[1m[2m  2.38 kB[22m[1m[22m[2m │ gzip:   0.80 kB[22m
[2mdist/[22m[35massets/RegisterPage-nDvBnZQO.css                   [39m[1m[2m  2.53 kB[22m[1m[22m[2m │ gzip:   0.88 kB[22m
[2mdist/[22m[35massets/TournamentApplicationTemplate-CeGkff0I.css  [39m[1m[2m  5.79 kB[22m[1m[22m[2m │ gzip:   1.63 kB[22m
[2mdist/[22m[35massets/PlayerProfileCard-DVzvz8CX.css              [39m[1m[2m  6.00 kB[22m[1m[22m[2m │ gzip:   1.50 kB[22m
[2mdist/[22m[35massets/index-CKZpSN_1.css                          [39m[1m[2m  7.49 kB[22m[1m[22m[2m │ gzip:   2.21 kB[22m
[2mdist/[22m[35massets/RegisterTournamentPage-DVVBTN1-.css         [39m[1m[2m 17.94 kB[22m[1m[22m[2m │ gzip:   3.92 kB[22m
[2mdist/[22m[36massets/TournamentApplyPage-D3VDA165.js             [39m[1m[2m  0.48 kB[22m[1m[22m[2m │ gzip:   0.31 kB[22m
[2mdist/[22m[36massets/TournamentEditPage-CEQRjeZP.js              [39m[1m[2m  0.48 kB[22m[1m[22m[2m │ gzip:   0.30 kB[22m
[2mdist/[22m[36massets/PhoneInput-D_5atioi.js                      [39m[1m[2m  0.57 kB[22m[1m[22m[2m │ gzip:   0.36 kB[22m
[2mdist/[22m[36massets/TournamentStatusCard-B0wYtAEY.js            [39m[1m[2m  0.79 kB[22m[1m[22m[2m │ gzip:   0.45 kB[22m
[2mdist/[22m[36massets/DashboardEditPage-B06-UILY.js               [39m[1m[2m  0.83 kB[22m[1m[22m[2m │ gzip:   0.52 kB[22m
[2mdist/[22m[36massets/tournamentUtils-BzSk0Zk6.js                 [39m[1m[2m  0.95 kB[22m[1m[22m[2m │ gzip:   0.57 kB[22m
[2mdist/[22m[36massets/HomePage-4edELkmH.js                        [39m[1m[2m  1.08 kB[22m[1m[22m[2m │ gzip:   0.65 kB[22m
[2mdist/[22m[36massets/userService-DQyQlGf3.js                     [39m[1m[2m  1.66 kB[22m[1m[22m[2m │ gzip:   0.91 kB[22m
[2mdist/[22m[36massets/applicationService-CggapMQY.js              [39m[1m[2m  2.93 kB[22m[1m[22m[2m │ gzip:   1.15 kB[22m
[2mdist/[22m[36massets/AdminSeedPage-BobjfrUA.js                   [39m[1m[2m  3.58 kB[22m[1m[22m[2m │ gzip:   1.75 kB[22m
[2mdist/[22m[36massets/AdminPlayerEditPage-BqICfoIN.js             [39m[1m[2m  3.97 kB[22m[1m[22m[2m │ gzip:   1.65 kB[22m
[2mdist/[22m[36massets/AdminPlayerNewPage-sqj1TFK8.js              [39m[1m[2m  4.55 kB[22m[1m[22m[2m │ gzip:   1.90 kB[22m
[2mdist/[22m[36massets/PlayerProfileCard-CncCDmAI.js               [39m[1m[2m  4.97 kB[22m[1m[22m[2m │ gzip:   1.70 kB[22m
[2mdist/[22m[36massets/AdminCleanupPage-DBpfSwCG.js                [39m[1m[2m  4.98 kB[22m[1m[22m[2m │ gzip:   1.88 kB[22m
[2mdist/[22m[36massets/MasterPage-CDqoKDhI.js                      [39m[1m[2m  5.15 kB[22m[1m[22m[2m │ gzip:   2.14 kB[22m
[2mdist/[22m[36massets/RegisterPage-DGs58rKG.js                    [39m[1m[2m  5.32 kB[22m[1m[22m[2m │ gzip:   2.06 kB[22m
[2mdist/[22m[36massets/AppHeader-CwXmxpDl.js                       [39m[1m[2m  6.65 kB[22m[1m[22m[2m │ gzip:   2.92 kB[22m
[2mdist/[22m[36massets/AdminPlayersPage-CpEBK1vK.js                [39m[1m[2m  7.24 kB[22m[1m[22m[2m │ gzip:   3.22 kB[22m
[2mdist/[22m[36massets/TournamentApplicationTemplate-CF2tJ9nD.js   [39m[1m[2m  9.10 kB[22m[1m[22m[2m │ gzip:   3.68 kB[22m
[2mdist/[22m[36massets/DashboardPage-dbo4RVjx.js                   [39m[1m[2m 11.72 kB[22m[1m[22m[2m │ gzip:   4.44 kB[22m
[2mdist/[22m[36massets/RegisterTournamentPage-B5GQLMM6.js          [39m[1m[2m 30.56 kB[22m[1m[22m[2m │ gzip:   9.48 kB[22m
[2mdist/[22m[36massets/firestore-bAbxESsi.js                       [39m[1m[2m 33.74 kB[22m[1m[22m[2m │ gzip:   7.42 kB[22m
[2mdist/[22m[36massets/vendor-D9w6fRR3.js                          [39m[1m[2m 47.95 kB[22m[1m[22m[2m │ gzip:  16.89 kB[22m
[2mdist/[22m[36massets/index-eNloD-Bc.js                           [39m[1m[2m187.79 kB[22m[1m[22m[2m │ gzip:  59.33 kB[22m
[2mdist/[22m[36massets/firebase-6OAUr32v.js                        [39m[1m[2m475.94 kB[22m[1m[22m[2m │ gzip: 112.35 kB[22m
[32m✓ built in 7.47s[39m
